<?xml version="1.0" encoding="UTF-8"?>
<testng-results ignored="0" total="1" passed="1" failed="0" skipped="0">
  <reporter-output>
  </reporter-output>
  <suite started-at="2024-07-06T08:37:51 IST" name="Default suite" finished-at="2024-07-06T08:38:06 IST" duration-ms="15653">
    <groups>
    </groups>
    <test started-at="2024-07-06T08:37:51 IST" name="Default test" finished-at="2024-07-06T08:38:06 IST" duration-ms="15653">
      <class name="testCases.VerifyValidLogin">
        <test-method is-config="true" signature="launchBrowser()[pri:0, instance:testCases.VerifyValidLogin@32ee6fee]" started-at="2024-07-06T08:37:51 IST" name="launchBrowser" finished-at="2024-07-06T08:38:01 IST" duration-ms="10110" status="PASS">
          <reporter-output>
          </reporter-output>
        </test-method> <!-- launchBrowser -->
        <test-method signature="verifyValidLogin()[pri:0, instance:testCases.VerifyValidLogin@32ee6fee]" started-at="2024-07-06T08:38:01 IST" name="verifyValidLogin" finished-at="2024-07-06T08:38:06 IST" duration-ms="4680" status="PASS">
          <reporter-output>
          </reporter-output>
        </test-method> <!-- verifyValidLogin -->
        <test-method is-config="true" signature="tearDown()[pri:0, instance:testCases.VerifyValidLogin@32ee6fee]" started-at="2024-07-06T08:38:06 IST" name="tearDown" finished-at="2024-07-06T08:38:06 IST" duration-ms="736" status="PASS">
          <reporter-output>
          </reporter-output>
        </test-method> <!-- tearDown -->
      </class> <!-- testCases.VerifyValidLogin -->
    </test> <!-- Default test -->
  </suite> <!-- Default suite -->
</testng-results>
